  Вказівники.cpp
C:\Users\onssh\source\repos\Project10(Вказівники)\Project10(Вказівники)\Вказівники.cpp(65,13): warning C4566: character represented by universal-character-name '\u041F' cannot be represented in the current code page (1252)
C:\Users\onssh\source\repos\Project10(Вказівники)\Project10(Вказівники)\Вказівники.cpp(65,13): warning C4566: character represented by universal-character-name '\u043E' cannot be represented in the current code page (1252)
C:\Users\onssh\source\repos\Project10(Вказівники)\Project10(Вказівники)\Вказівники.cpp(65,13): warning C4566: character represented by universal-character-name '\u0447' cannot be represented in the current code page (1252)
C:\Users\onssh\source\repos\Project10(Вказівники)\Project10(Вказівники)\Вказівники.cpp(65,13): warning C4566: character represented by universal-character-name '\u0430' cannot be represented in the current code page (1252)
C:\Users\onssh\source\repos\Project10(Вказівники)\Project10(Вказівники)\Вказівники.cpp(65,13): warning C4566: character represented by universal-character-name '\u0442' cannot be represented in the current code page (1252)
C:\Users\onssh\source\repos\Project10(Вказівники)\Project10(Вказівники)\Вказівники.cpp(65,13): warning C4566: character represented by universal-character-name '\u043A' cannot be represented in the current code page (1252)
C:\Users\onssh\source\repos\Project10(Вказівники)\Project10(Вказівники)\Вказівники.cpp(65,13): warning C4566: character represented by universal-character-name '\u0432' cannot be represented in the current code page (1252)
C:\Users\onssh\source\repos\Project10(Вказівники)\Project10(Вказівники)\Вказівники.cpp(65,13): warning C4566: character represented by universal-character-name '\u0438' cannot be represented in the current code page (1252)
C:\Users\onssh\source\repos\Project10(Вказівники)\Project10(Вказівники)\Вказівники.cpp(65,13): warning C4566: character represented by universal-character-name '\u0439' cannot be represented in the current code page (1252)
C:\Users\onssh\source\repos\Project10(Вказівники)\Project10(Вказівники)\Вказівники.cpp(65,13): warning C4566: character represented by universal-character-name '\u043C' cannot be represented in the current code page (1252)
C:\Users\onssh\source\repos\Project10(Вказівники)\Project10(Вказівники)\Вказівники.cpp(65,13): warning C4566: character represented by universal-character-name '\u0441' cannot be represented in the current code page (1252)
C:\Users\onssh\source\repos\Project10(Вказівники)\Project10(Вказівники)\Вказівники.cpp(70,13): warning C4566: character represented by universal-character-name '\u0417' cannot be represented in the current code page (1252)
C:\Users\onssh\source\repos\Project10(Вказівники)\Project10(Вказівники)\Вказівники.cpp(70,13): warning C4566: character represented by universal-character-name '\u043C' cannot be represented in the current code page (1252)
C:\Users\onssh\source\repos\Project10(Вказівники)\Project10(Вказівники)\Вказівники.cpp(70,13): warning C4566: character represented by universal-character-name '\u0456' cannot be represented in the current code page (1252)
C:\Users\onssh\source\repos\Project10(Вказівники)\Project10(Вказівники)\Вказівники.cpp(70,13): warning C4566: character represented by universal-character-name '\u043D' cannot be represented in the current code page (1252)
C:\Users\onssh\source\repos\Project10(Вказівники)\Project10(Вказівники)\Вказівники.cpp(70,13): warning C4566: character represented by universal-character-name '\u0435' cannot be represented in the current code page (1252)
C:\Users\onssh\source\repos\Project10(Вказівники)\Project10(Вказівники)\Вказівники.cpp(70,13): warning C4566: character represented by universal-character-name '\u0438' cannot be represented in the current code page (1252)
C:\Users\onssh\source\repos\Project10(Вказівники)\Project10(Вказівники)\Вказівники.cpp(70,13): warning C4566: character represented by universal-character-name '\u0439' cannot be represented in the current code page (1252)
C:\Users\onssh\source\repos\Project10(Вказівники)\Project10(Вказівники)\Вказівники.cpp(70,13): warning C4566: character represented by universal-character-name '\u0430' cannot be represented in the current code page (1252)
C:\Users\onssh\source\repos\Project10(Вказівники)\Project10(Вказівники)\Вказівники.cpp(70,13): warning C4566: character represented by universal-character-name '\u0441' cannot be represented in the current code page (1252)
C:\Users\onssh\source\repos\Project10(Вказівники)\Project10(Вказівники)\Вказівники.cpp(70,13): warning C4566: character represented by universal-character-name '\u0432' cannot be represented in the current code page (1252)
  Project10(Вказівники).vcxproj -> C:\Users\onssh\source\repos\Project10(Вказівники)\x64\Debug\Project10(Вказівники).exe
